2025-07-15 00:39:33,797 - INFO - Starting model retraining...
2025-07-15 00:39:37,306 - INFO - Found 21 labeled samples for training
2025-07-15 00:39:37,306 - INFO - Model retraining simulation completed successfully!
2025-07-15 00:39:37,311 - INFO - Training stats saved
2025-07-15 00:39:37,312 - INFO - Saved 4 class names to labels.txt: ['pizza', 'steak', 'sushi', 'omelet']
2025-07-15 00:39:37,312 - INFO - Starting image compression...
2025-07-15 00:39:37,429 - ERROR - Error compressing image E:\codes\Django Projects\AI_Food\backend\media\food_feedback\SOSHI-AYCE-1.png: cannot identify image file 'E:\\codes\\Django Projects\\AI_Food\\backend\\media\\food_feedback\\SOSHI-AYCE-1.png'
2025-07-15 00:39:37,458 - INFO - Compressed 10 images
2025-07-15 00:39:37,459 - INFO - Retraining process completed successfully!
2025-07-15 00:43:08,342 - INFO - Starting model retraining...
2025-07-15 00:43:11,796 - INFO - Found 21 labeled samples for training
2025-07-15 00:43:11,796 - INFO - Model retraining simulation completed successfully!
2025-07-15 00:43:11,800 - INFO - Training stats saved
2025-07-15 00:43:11,801 - INFO - Saved 4 class names to labels.txt: ['pizza', 'steak', 'sushi', 'omelet']
2025-07-15 00:43:11,801 - INFO - Starting image compression...
2025-07-15 00:43:11,921 - ERROR - Error compressing image E:\codes\Django Projects\AI_Food\backend\media\food_feedback\SOSHI-AYCE-1.png: cannot identify image file 'E:\\codes\\Django Projects\\AI_Food\\backend\\media\\food_feedback\\SOSHI-AYCE-1.png'
2025-07-15 00:43:11,951 - INFO - Compressed 10 images
2025-07-15 00:43:11,952 - INFO - Retraining process completed successfully!
2025-07-15 00:45:13,259 - INFO - Starting model retraining...
2025-07-15 00:45:18,036 - INFO - Found 21 labeled samples for training
2025-07-15 00:45:18,037 - INFO - Saved 4 class names to labels.txt: ['pizza', 'steak', 'sushi', 'omelet']
2025-07-15 00:45:18,294 - ERROR - Unexpected error during retraining: [Errno 2] No such file or directory: 'E:\\codes\\Django Projects\\AI_Food\\backend\\media\\food_feedback\\images.jpeg'
2025-07-15 00:46:51,122 - INFO - Starting model retraining...
2025-07-15 00:46:55,565 - INFO - Found 21 labeled samples for training
2025-07-15 00:46:55,566 - INFO - Saved 4 class names to labels.txt: ['pizza', 'steak', 'sushi', 'omelet']
2025-07-15 00:46:55,803 - ERROR - Unexpected error during retraining: [Errno 2] No such file or directory: 'E:\\codes\\Django Projects\\AI_Food\\backend\\media\\food_feedback\\french-omelet-hero.jpeg'
2025-07-15 00:48:42,749 - INFO - Starting model retraining...
2025-07-15 00:48:47,362 - INFO - Found 21 labeled samples for training
2025-07-15 00:48:47,363 - WARNING - Image file not found, skipping: E:\codes\Django Projects\AI_Food\backend\media\food_feedback\images_1.jpeg
2025-07-15 00:48:47,363 - WARNING - Image file not found, skipping: E:\codes\Django Projects\AI_Food\backend\media\food_feedback\images_4.jpeg
2025-07-15 00:48:47,363 - WARNING - Image file not found, skipping: E:\codes\Django Projects\AI_Food\backend\media\food_feedback\images_3.jpeg
2025-07-15 00:48:47,364 - WARNING - Image file not found, skipping: E:\codes\Django Projects\AI_Food\backend\media\food_feedback\images_2.jpeg
2025-07-15 00:48:47,364 - WARNING - Image file not found, skipping: E:\codes\Django Projects\AI_Food\backend\media\food_feedback\images.jpeg
2025-07-15 00:48:47,364 - WARNING - Image file not found, skipping: E:\codes\Django Projects\AI_Food\backend\media\food_feedback\images_i1I5W8Z.jpeg
2025-07-15 00:48:47,365 - WARNING - Image file not found, skipping: E:\codes\Django Projects\AI_Food\backend\media\food_feedback\images_6.jpeg
2025-07-15 00:48:47,365 - WARNING - Image file not found, skipping: E:\codes\Django Projects\AI_Food\backend\media\food_feedback\images_6_oX29vku.jpeg
2025-07-15 00:48:47,365 - WARNING - Image file not found, skipping: E:\codes\Django Projects\AI_Food\backend\media\food_feedback\images_5.jpeg
2025-07-15 00:48:47,366 - WARNING - Image file not found, skipping: E:\codes\Django Projects\AI_Food\backend\media\food_feedback\french-omelet-hero.jpeg
2025-07-15 00:48:47,366 - INFO - Using 11 valid samples for training (skipped 10)
2025-07-15 00:48:47,368 - INFO - Saved 4 class names to labels.txt: ['pizza', 'steak', 'sushi', 'omelet']
2025-07-15 00:48:47,628 - ERROR - Unexpected error during retraining: cannot identify image file 'E:\\codes\\Django Projects\\AI_Food\\backend\\media\\food_feedback\\SOSHI-AYCE-1.png'
2025-07-15 00:49:44,889 - INFO - Starting model retraining...
2025-07-15 00:49:49,368 - INFO - Found 21 labeled samples for training
2025-07-15 00:49:49,369 - WARNING - Image file not found, skipping: E:\codes\Django Projects\AI_Food\backend\media\food_feedback\images_1.jpeg
2025-07-15 00:49:49,369 - WARNING - Image file not found, skipping: E:\codes\Django Projects\AI_Food\backend\media\food_feedback\images_4.jpeg
2025-07-15 00:49:49,369 - WARNING - Image file not found, skipping: E:\codes\Django Projects\AI_Food\backend\media\food_feedback\images_3.jpeg
2025-07-15 00:49:49,370 - WARNING - Image file not found, skipping: E:\codes\Django Projects\AI_Food\backend\media\food_feedback\images_2.jpeg
2025-07-15 00:49:49,370 - WARNING - Image file not found, skipping: E:\codes\Django Projects\AI_Food\backend\media\food_feedback\images.jpeg
2025-07-15 00:49:49,370 - WARNING - Image file not found, skipping: E:\codes\Django Projects\AI_Food\backend\media\food_feedback\images_i1I5W8Z.jpeg
2025-07-15 00:49:49,370 - WARNING - Image file not found, skipping: E:\codes\Django Projects\AI_Food\backend\media\food_feedback\images_6.jpeg
2025-07-15 00:49:49,370 - WARNING - Image file not found, skipping: E:\codes\Django Projects\AI_Food\backend\media\food_feedback\images_6_oX29vku.jpeg
2025-07-15 00:49:49,371 - WARNING - Image file not found, skipping: E:\codes\Django Projects\AI_Food\backend\media\food_feedback\images_5.jpeg
2025-07-15 00:49:49,371 - WARNING - Image file not found, skipping: E:\codes\Django Projects\AI_Food\backend\media\food_feedback\french-omelet-hero.jpeg
2025-07-15 00:49:49,372 - INFO - Using 11 valid samples for training (skipped 10)
2025-07-15 00:49:49,373 - INFO - Saved 4 class names to labels.txt: ['pizza', 'steak', 'sushi', 'omelet']
2025-07-15 00:49:49,689 - ERROR - Unexpected error during retraining: cannot identify image file 'E:\\codes\\Django Projects\\AI_Food\\backend\\media\\food_feedback\\SOSHI-AYCE-1.png'
2025-07-15 00:49:50,482 - INFO - Starting model retraining...
2025-07-15 00:49:55,061 - INFO - Found 21 labeled samples for training
2025-07-15 00:49:55,062 - WARNING - Image file not found, skipping: E:\codes\Django Projects\AI_Food\backend\media\food_feedback\images_1.jpeg
2025-07-15 00:49:55,062 - WARNING - Image file not found, skipping: E:\codes\Django Projects\AI_Food\backend\media\food_feedback\images_4.jpeg
2025-07-15 00:49:55,063 - WARNING - Image file not found, skipping: E:\codes\Django Projects\AI_Food\backend\media\food_feedback\images_3.jpeg
2025-07-15 00:49:55,063 - WARNING - Image file not found, skipping: E:\codes\Django Projects\AI_Food\backend\media\food_feedback\images_2.jpeg
2025-07-15 00:49:55,063 - WARNING - Image file not found, skipping: E:\codes\Django Projects\AI_Food\backend\media\food_feedback\images.jpeg
2025-07-15 00:49:55,063 - WARNING - Image file not found, skipping: E:\codes\Django Projects\AI_Food\backend\media\food_feedback\images_i1I5W8Z.jpeg
2025-07-15 00:49:55,064 - WARNING - Image file not found, skipping: E:\codes\Django Projects\AI_Food\backend\media\food_feedback\images_6.jpeg
2025-07-15 00:49:55,064 - WARNING - Image file not found, skipping: E:\codes\Django Projects\AI_Food\backend\media\food_feedback\images_6_oX29vku.jpeg
2025-07-15 00:49:55,064 - WARNING - Image file not found, skipping: E:\codes\Django Projects\AI_Food\backend\media\food_feedback\images_5.jpeg
2025-07-15 00:49:55,064 - WARNING - Image file not found, skipping: E:\codes\Django Projects\AI_Food\backend\media\food_feedback\french-omelet-hero.jpeg
2025-07-15 00:49:55,065 - INFO - Using 11 valid samples for training (skipped 10)
2025-07-15 00:49:55,066 - INFO - Saved 4 class names to labels.txt: ['pizza', 'steak', 'sushi', 'omelet']
2025-07-15 00:49:55,306 - ERROR - Unexpected error during retraining: cannot identify image file 'E:\\codes\\Django Projects\\AI_Food\\backend\\media\\food_feedback\\SOSHI-AYCE-1.png'
2025-07-15 00:49:56,049 - INFO - Starting model retraining...
2025-07-15 00:50:00,685 - INFO - Found 21 labeled samples for training
2025-07-15 00:50:00,685 - WARNING - Image file not found, skipping: E:\codes\Django Projects\AI_Food\backend\media\food_feedback\images_1.jpeg
2025-07-15 00:50:00,686 - WARNING - Image file not found, skipping: E:\codes\Django Projects\AI_Food\backend\media\food_feedback\images_4.jpeg
2025-07-15 00:50:00,686 - WARNING - Image file not found, skipping: E:\codes\Django Projects\AI_Food\backend\media\food_feedback\images_3.jpeg
2025-07-15 00:50:00,686 - WARNING - Image file not found, skipping: E:\codes\Django Projects\AI_Food\backend\media\food_feedback\images_2.jpeg
2025-07-15 00:50:00,686 - WARNING - Image file not found, skipping: E:\codes\Django Projects\AI_Food\backend\media\food_feedback\images.jpeg
2025-07-15 00:50:00,687 - WARNING - Image file not found, skipping: E:\codes\Django Projects\AI_Food\backend\media\food_feedback\images_i1I5W8Z.jpeg
2025-07-15 00:50:00,687 - WARNING - Image file not found, skipping: E:\codes\Django Projects\AI_Food\backend\media\food_feedback\images_6.jpeg
2025-07-15 00:50:00,687 - WARNING - Image file not found, skipping: E:\codes\Django Projects\AI_Food\backend\media\food_feedback\images_6_oX29vku.jpeg
2025-07-15 00:50:00,688 - WARNING - Image file not found, skipping: E:\codes\Django Projects\AI_Food\backend\media\food_feedback\images_5.jpeg
2025-07-15 00:50:00,688 - WARNING - Image file not found, skipping: E:\codes\Django Projects\AI_Food\backend\media\food_feedback\french-omelet-hero.jpeg
2025-07-15 00:50:00,688 - INFO - Using 11 valid samples for training (skipped 10)
2025-07-15 00:50:00,690 - INFO - Saved 4 class names to labels.txt: ['pizza', 'steak', 'sushi', 'omelet']
2025-07-15 00:50:00,981 - ERROR - Unexpected error during retraining: cannot identify image file 'E:\\codes\\Django Projects\\AI_Food\\backend\\media\\food_feedback\\SOSHI-AYCE-1.png'
2025-07-15 00:50:58,717 - INFO - Starting model retraining...
2025-07-15 00:51:03,165 - INFO - Found 21 labeled samples for training
2025-07-15 00:51:03,182 - WARNING - Image file not found, skipping: E:\codes\Django Projects\AI_Food\backend\media\food_feedback\images_1.jpeg
2025-07-15 00:51:03,182 - WARNING - Image file not found, skipping: E:\codes\Django Projects\AI_Food\backend\media\food_feedback\images_4.jpeg
2025-07-15 00:51:03,182 - WARNING - Image file not found, skipping: E:\codes\Django Projects\AI_Food\backend\media\food_feedback\images_3.jpeg
2025-07-15 00:51:03,183 - WARNING - Image file not found, skipping: E:\codes\Django Projects\AI_Food\backend\media\food_feedback\images_2.jpeg
2025-07-15 00:51:03,183 - WARNING - Image file not found, skipping: E:\codes\Django Projects\AI_Food\backend\media\food_feedback\images.jpeg
2025-07-15 00:51:03,183 - WARNING - Image file not found, skipping: E:\codes\Django Projects\AI_Food\backend\media\food_feedback\images_i1I5W8Z.jpeg
2025-07-15 00:51:03,184 - WARNING - Image file not found, skipping: E:\codes\Django Projects\AI_Food\backend\media\food_feedback\images_6.jpeg
2025-07-15 00:51:03,184 - WARNING - Image file not found, skipping: E:\codes\Django Projects\AI_Food\backend\media\food_feedback\images_6_oX29vku.jpeg
2025-07-15 00:51:03,185 - WARNING - Image file not found, skipping: E:\codes\Django Projects\AI_Food\backend\media\food_feedback\images_5.jpeg
2025-07-15 00:51:03,222 - WARNING - Image file not usable, skipping: E:\codes\Django Projects\AI_Food\backend\media\food_feedback\SOSHI-AYCE-1.png (cannot identify image file 'E:\\codes\\Django Projects\\AI_Food\\backend\\media\\food_feedback\\SOSHI-AYCE-1.png')
2025-07-15 00:51:03,223 - WARNING - Image file not found, skipping: E:\codes\Django Projects\AI_Food\backend\media\food_feedback\french-omelet-hero.jpeg
2025-07-15 00:51:03,224 - INFO - Using 10 valid samples for training (skipped 11)
2025-07-15 00:51:03,226 - INFO - Saved 4 class names to labels.txt: ['pizza', 'steak', 'sushi', 'omelet']
2025-07-15 00:51:04,079 - INFO - Epoch: 1 | train_loss: 1.4839 | train_acc: 0.1250 | test_loss: 1.3854 | test_acc: 0.5000
2025-07-15 00:51:04,172 - INFO - Epoch: 2 | train_loss: 1.0215 | train_acc: 0.7500 | test_loss: 1.4218 | test_acc: 0.0000
2025-07-15 00:51:04,253 - INFO - Epoch: 3 | train_loss: 1.1016 | train_acc: 0.5000 | test_loss: 1.4616 | test_acc: 0.0000
2025-07-15 00:51:04,339 - INFO - Epoch: 4 | train_loss: 1.0433 | train_acc: 0.6250 | test_loss: 1.5002 | test_acc: 0.0000
2025-07-15 00:51:04,425 - INFO - Epoch: 5 | train_loss: 0.3378 | train_acc: 0.8750 | test_loss: 1.5353 | test_acc: 0.0000
2025-07-15 00:51:04,519 - INFO - Epoch: 6 | train_loss: 0.3309 | train_acc: 0.8750 | test_loss: 1.5791 | test_acc: 0.0000
2025-07-15 00:51:04,604 - INFO - Epoch: 7 | train_loss: 0.6950 | train_acc: 0.7500 | test_loss: 1.6093 | test_acc: 0.0000
2025-07-15 00:51:04,690 - INFO - Epoch: 8 | train_loss: 0.2042 | train_acc: 1.0000 | test_loss: 1.6447 | test_acc: 0.0000
2025-07-15 00:51:04,750 - INFO - Model saved to e:\codes\Django Projects\AI_Food\backend\efficientnet_food_classifier.pth
2025-07-15 00:51:04,757 - INFO - Training stats saved
2025-07-15 00:51:04,759 - INFO - Starting image compression...
2025-07-15 00:51:04,790 - ERROR - Error compressing image E:\codes\Django Projects\AI_Food\backend\media\food_feedback\SOSHI-AYCE-1.png: cannot identify image file 'E:\\codes\\Django Projects\\AI_Food\\backend\\media\\food_feedback\\SOSHI-AYCE-1.png'
2025-07-15 00:51:04,804 - INFO - Compressed 10 images
2025-07-15 00:51:04,804 - INFO - Retraining process completed successfully!
2025-07-15 00:59:19,488 - INFO - Starting model retraining...
2025-07-15 00:59:23,937 - ERROR - Unexpected error during retraining: no such table: ai_api_foodfeedbacksample
2025-07-15 01:00:11,201 - INFO - Starting model retraining...
2025-07-15 01:00:15,754 - ERROR - Unexpected error during retraining: no such column: ai_api_foodfeedbacksample.label
2025-07-15 01:03:38,286 - INFO - Starting model retraining...
2025-07-15 01:03:41,411 - INFO - Found 294 images in 3 classes: ['pizza', 'steak', 'sushi']
2025-07-15 01:03:41,412 - INFO - Saved 3 class names to labels.txt: ['pizza', 'steak', 'sushi']
2025-07-15 01:03:47,154 - INFO - Epoch: 1 | train_loss: 1.2807 | train_acc: 0.2851 | test_loss: 1.1125 | test_acc: 0.2881
2025-07-15 01:03:50,242 - INFO - Epoch: 2 | train_loss: 1.1606 | train_acc: 0.4085 | test_loss: 1.1278 | test_acc: 0.2881
2025-07-15 01:03:53,246 - INFO - Epoch: 3 | train_loss: 1.0888 | train_acc: 0.3872 | test_loss: 3.5475 | test_acc: 0.3898
2025-07-15 01:03:56,267 - INFO - Epoch: 4 | train_loss: 0.9723 | train_acc: 0.5106 | test_loss: 1.0740 | test_acc: 0.5254
2025-07-15 01:03:59,350 - INFO - Epoch: 5 | train_loss: 0.9039 | train_acc: 0.5532 | test_loss: 5.2938 | test_acc: 0.4407
2025-07-15 01:04:02,603 - INFO - Epoch: 6 | train_loss: 0.9694 | train_acc: 0.5149 | test_loss: 1.0992 | test_acc: 0.5085
2025-07-15 01:04:05,861 - INFO - Epoch: 7 | train_loss: 0.8991 | train_acc: 0.6000 | test_loss: 1.2144 | test_acc: 0.4915
2025-07-15 01:04:09,064 - INFO - Epoch: 8 | train_loss: 0.9374 | train_acc: 0.5447 | test_loss: 1.1040 | test_acc: 0.4576
2025-07-15 01:04:09,121 - INFO - Model saved to e:\codes\Django Projects\AI_Food\backend\efficientnet_food_classifier.pth
2025-07-15 01:04:09,124 - INFO - Retraining process completed successfully!
